-- Found ament_cmake: 1.3.10 (/opt/ros/humble/share/ament_cmake/cmake)
-- Found rclcpp: 16.0.10 (/opt/ros/humble/share/rclcpp/cmake)
-- Found rosidl_generator_c: 3.1.5 (/opt/ros/humble/share/rosidl_generator_c/cmake)
-- Found rosidl_adapter: 3.1.5 (/opt/ros/humble/share/rosidl_adapter/cmake)
-- Found rosidl_generator_cpp: 3.1.5 (/opt/ros/humble/share/rosidl_generator_cpp/cmake)
-- Using all available rosidl_typesupport_c: rosidl_typesupport_fastrtps_c;rosidl_typesupport_introspection_c
-- Using all available rosidl_typesupport_cpp: rosidl_typesupport_fastrtps_cpp;rosidl_typesupport_introspection_cpp
-- Found rmw_implementation_cmake: 6.1.2 (/opt/ros/humble/share/rmw_implementation_cmake/cmake)
-- Found rmw_fastrtps_cpp: 6.2.7 (/opt/ros/humble/share/rmw_fastrtps_cpp/cmake)
-- Using RMW implementation 'rmw_fastrtps_cpp' as default
-- Found sensor_msgs: 4.2.4 (/opt/ros/humble/share/sensor_msgs/cmake)
-- Found ament_lint_auto: 0.12.11 (/opt/ros/humble/share/ament_lint_auto/cmake)
-- Configuring done
-- Generating done
-- Build files have been written to: /home/kashif/SDR/temp3/my_gazebo_tutorials/build/walker
[35m[1mConsolidate compiler generated dependencies of target robot_control[0m
[ 33%] [32mBuilding CXX object CMakeFiles/robot_control.dir/src/main.cpp.o[0m
[ 66%] [32mBuilding CXX object CMakeFiles/robot_control.dir/src/walker_node.cpp.o[0m
[100%] [32m[1mLinking CXX executable robot_control[0m
[100%] Built target robot_control
-- Install configuration: ""
-- Installing: /home/kashif/SDR/temp3/my_gazebo_tutorials/install/walker/lib/walker/robot_control
-- Set runtime path of "/home/kashif/SDR/temp3/my_gazebo_tutorials/install/walker/lib/walker/robot_control" to ""
-- Up-to-date: /home/kashif/SDR/temp3/my_gazebo_tutorials/install/walker/include/
-- Up-to-date: /home/kashif/SDR/temp3/my_gazebo_tutorials/install/walker/include//walker
-- Up-to-date: /home/kashif/SDR/temp3/my_gazebo_tutorials/install/walker/include//walker/walker_node.hpp
-- Up-to-date: /home/kashif/SDR/temp3/my_gazebo_tutorials/install/walker/share/walker/launch
-- Up-to-date: /home/kashif/SDR/temp3/my_gazebo_tutorials/install/walker/share/walker/launch/walker_launch.py
-- Up-to-date: /home/kashif/SDR/temp3/my_gazebo_tutorials/install/walker/share/ament_index/resource_index/package_run_dependencies/walker
-- Up-to-date: /home/kashif/SDR/temp3/my_gazebo_tutorials/install/walker/share/ament_index/resource_index/parent_prefix_path/walker
-- Up-to-date: /home/kashif/SDR/temp3/my_gazebo_tutorials/install/walker/share/walker/environment/ament_prefix_path.sh
-- Installing: /home/kashif/SDR/temp3/my_gazebo_tutorials/install/walker/share/walker/environment/ament_prefix_path.dsv
-- Up-to-date: /home/kashif/SDR/temp3/my_gazebo_tutorials/install/walker/share/walker/environment/path.sh
-- Installing: /home/kashif/SDR/temp3/my_gazebo_tutorials/install/walker/share/walker/environment/path.dsv
-- Up-to-date: /home/kashif/SDR/temp3/my_gazebo_tutorials/install/walker/share/walker/local_setup.bash
-- Up-to-date: /home/kashif/SDR/temp3/my_gazebo_tutorials/install/walker/share/walker/local_setup.sh
-- Up-to-date: /home/kashif/SDR/temp3/my_gazebo_tutorials/install/walker/share/walker/local_setup.zsh
-- Installing: /home/kashif/SDR/temp3/my_gazebo_tutorials/install/walker/share/walker/local_setup.dsv
-- Installing: /home/kashif/SDR/temp3/my_gazebo_tutorials/install/walker/share/walker/package.dsv
-- Up-to-date: /home/kashif/SDR/temp3/my_gazebo_tutorials/install/walker/share/ament_index/resource_index/packages/walker
-- Up-to-date: /home/kashif/SDR/temp3/my_gazebo_tutorials/install/walker/share/walker/cmake/walkerConfig.cmake
-- Up-to-date: /home/kashif/SDR/temp3/my_gazebo_tutorials/install/walker/share/walker/cmake/walkerConfig-version.cmake
-- Up-to-date: /home/kashif/SDR/temp3/my_gazebo_tutorials/install/walker/share/walker/package.xml
