[0.007s] Invoking command in '/home/kashif/SDR/temp3/my_gazebo_tutorials/build/walker': CMAKE_PREFIX_PATH=${CMAKE_PREFIX_PATH}:/opt/ros/humble /usr/bin/cmake /home/kashif/SDR/temp3/my_gazebo_tutorials/walker -DCMAKE_EXPORT_COMPILE_COMMANDS=ON -DCMAKE_INSTALL_PREFIX=/home/kashif/SDR/temp3/my_gazebo_tutorials/install/walker
[0.027s] -- Found ament_cmake: 1.3.10 (/opt/ros/humble/share/ament_cmake/cmake)
[0.124s] -- Found rclcpp: 16.0.10 (/opt/ros/humble/share/rclcpp/cmake)
[0.143s] -- Found rosidl_generator_c: 3.1.5 (/opt/ros/humble/share/rosidl_generator_c/cmake)
[0.145s] -- Found rosidl_adapter: 3.1.5 (/opt/ros/humble/share/rosidl_adapter/cmake)
[0.149s] -- Found rosidl_generator_cpp: 3.1.5 (/opt/ros/humble/share/rosidl_generator_cpp/cmake)
[0.155s] -- Using all available rosidl_typesupport_c: rosidl_typesupport_fastrtps_c;rosidl_typesupport_introspection_c
[0.163s] -- Using all available rosidl_typesupport_cpp: rosidl_typesupport_fastrtps_cpp;rosidl_typesupport_introspection_cpp
[0.184s] -- Found rmw_implementation_cmake: 6.1.2 (/opt/ros/humble/share/rmw_implementation_cmake/cmake)
[0.185s] -- Found rmw_fastrtps_cpp: 6.2.7 (/opt/ros/humble/share/rmw_fastrtps_cpp/cmake)
[0.274s] -- Using RMW implementation 'rmw_fastrtps_cpp' as default
[0.311s] -- Found sensor_msgs: 4.2.4 (/opt/ros/humble/share/sensor_msgs/cmake)
[0.330s] -- Found ament_lint_auto: 0.12.11 (/opt/ros/humble/share/ament_lint_auto/cmake)
[0.386s] -- Configuring done
[0.392s] -- Generating done
[0.393s] -- Build files have been written to: /home/kashif/SDR/temp3/my_gazebo_tutorials/build/walker
[0.400s] Invoked command in '/home/kashif/SDR/temp3/my_gazebo_tutorials/build/walker' returned '0': CMAKE_PREFIX_PATH=${CMAKE_PREFIX_PATH}:/opt/ros/humble /usr/bin/cmake /home/kashif/SDR/temp3/my_gazebo_tutorials/walker -DCMAKE_EXPORT_COMPILE_COMMANDS=ON -DCMAKE_INSTALL_PREFIX=/home/kashif/SDR/temp3/my_gazebo_tutorials/install/walker
[0.401s] Invoking command in '/home/kashif/SDR/temp3/my_gazebo_tutorials/build/walker': CMAKE_PREFIX_PATH=${CMAKE_PREFIX_PATH}:/opt/ros/humble /usr/bin/cmake --build /home/kashif/SDR/temp3/my_gazebo_tutorials/build/walker -- -j20 -l20
[0.444s] [35m[1mConsolidate compiler generated dependencies of target robot_control[0m
[0.469s] [ 33%] [32mBuilding CXX object CMakeFiles/robot_control.dir/src/main.cpp.o[0m
[0.469s] [ 66%] [32mBuilding CXX object CMakeFiles/robot_control.dir/src/walker_node.cpp.o[0m
[6.237s] [100%] [32m[1mLinking CXX executable robot_control[0m
[6.505s] [100%] Built target robot_control
[6.517s] Invoked command in '/home/kashif/SDR/temp3/my_gazebo_tutorials/build/walker' returned '0': CMAKE_PREFIX_PATH=${CMAKE_PREFIX_PATH}:/opt/ros/humble /usr/bin/cmake --build /home/kashif/SDR/temp3/my_gazebo_tutorials/build/walker -- -j20 -l20
[6.570s] Invoking command in '/home/kashif/SDR/temp3/my_gazebo_tutorials/build/walker': CMAKE_PREFIX_PATH=${CMAKE_PREFIX_PATH}:/opt/ros/humble /usr/bin/cmake --install /home/kashif/SDR/temp3/my_gazebo_tutorials/build/walker
[6.582s] -- Install configuration: ""
[6.582s] -- Installing: /home/kashif/SDR/temp3/my_gazebo_tutorials/install/walker/lib/walker/robot_control
[6.586s] -- Set runtime path of "/home/kashif/SDR/temp3/my_gazebo_tutorials/install/walker/lib/walker/robot_control" to ""
[6.586s] -- Up-to-date: /home/kashif/SDR/temp3/my_gazebo_tutorials/install/walker/include/
[6.586s] -- Up-to-date: /home/kashif/SDR/temp3/my_gazebo_tutorials/install/walker/include//walker
[6.586s] -- Up-to-date: /home/kashif/SDR/temp3/my_gazebo_tutorials/install/walker/include//walker/walker_node.hpp
[6.586s] -- Up-to-date: /home/kashif/SDR/temp3/my_gazebo_tutorials/install/walker/share/walker/launch
[6.586s] -- Up-to-date: /home/kashif/SDR/temp3/my_gazebo_tutorials/install/walker/share/walker/launch/walker_launch.py
[6.586s] -- Up-to-date: /home/kashif/SDR/temp3/my_gazebo_tutorials/install/walker/share/ament_index/resource_index/package_run_dependencies/walker
[6.587s] -- Up-to-date: /home/kashif/SDR/temp3/my_gazebo_tutorials/install/walker/share/ament_index/resource_index/parent_prefix_path/walker
[6.587s] -- Up-to-date: /home/kashif/SDR/temp3/my_gazebo_tutorials/install/walker/share/walker/environment/ament_prefix_path.sh
[6.587s] -- Installing: /home/kashif/SDR/temp3/my_gazebo_tutorials/install/walker/share/walker/environment/ament_prefix_path.dsv
[6.587s] -- Up-to-date: /home/kashif/SDR/temp3/my_gazebo_tutorials/install/walker/share/walker/environment/path.sh
[6.587s] -- Installing: /home/kashif/SDR/temp3/my_gazebo_tutorials/install/walker/share/walker/environment/path.dsv
[6.587s] -- Up-to-date: /home/kashif/SDR/temp3/my_gazebo_tutorials/install/walker/share/walker/local_setup.bash
[6.587s] -- Up-to-date: /home/kashif/SDR/temp3/my_gazebo_tutorials/install/walker/share/walker/local_setup.sh
[6.587s] -- Up-to-date: /home/kashif/SDR/temp3/my_gazebo_tutorials/install/walker/share/walker/local_setup.zsh
[6.587s] -- Installing: /home/kashif/SDR/temp3/my_gazebo_tutorials/install/walker/share/walker/local_setup.dsv
[6.587s] -- Installing: /home/kashif/SDR/temp3/my_gazebo_tutorials/install/walker/share/walker/package.dsv
[6.587s] -- Up-to-date: /home/kashif/SDR/temp3/my_gazebo_tutorials/install/walker/share/ament_index/resource_index/packages/walker
[6.587s] -- Up-to-date: /home/kashif/SDR/temp3/my_gazebo_tutorials/install/walker/share/walker/cmake/walkerConfig.cmake
[6.587s] -- Up-to-date: /home/kashif/SDR/temp3/my_gazebo_tutorials/install/walker/share/walker/cmake/walkerConfig-version.cmake
[6.587s] -- Up-to-date: /home/kashif/SDR/temp3/my_gazebo_tutorials/install/walker/share/walker/package.xml
[6.589s] Invoked command in '/home/kashif/SDR/temp3/my_gazebo_tutorials/build/walker' returned '0': CMAKE_PREFIX_PATH=${CMAKE_PREFIX_PATH}:/opt/ros/humble /usr/bin/cmake --install /home/kashif/SDR/temp3/my_gazebo_tutorials/build/walker
