[0.069s] DEBUG:colcon:Command line arguments: ['/usr/bin/colcon', 'build']
[0.069s] DEBUG:colcon:Parsed command line arguments: Namespace(log_base=None, log_level=None, verb_name='build', build_base='build', install_base='install', merge_install=False, symlink_install=False, test_result_base=None, continue_on_error=False, executor='parallel', parallel_workers=20, event_handlers=None, ignore_user_meta=False, metas=['./colcon.meta'], base_paths=['.'], packages_ignore=None, packages_ignore_regex=None, paths=None, packages_up_to=None, packages_up_to_regex=None, packages_above=None, packages_above_and_dependencies=None, packages_above_depth=None, packages_select_by_dep=None, packages_skip_by_dep=None, packages_skip_up_to=None, packages_select_build_failed=False, packages_skip_build_finished=False, packages_select_test_failures=False, packages_skip_test_passed=False, packages_select=None, packages_skip=None, packages_select_regex=None, packages_skip_regex=None, packages_start=None, packages_end=None, allow_overriding=[], cmake_args=None, cmake_target=None, cmake_target_skip_unavailable=False, cmake_clean_cache=False, cmake_clean_first=False, cmake_force_configure=False, ament_cmake_args=None, catkin_cmake_args=None, catkin_skip_building_tests=False, mixin_files=None, mixin=None, verb_parser=<colcon_mixin.mixin.mixin_argument.MixinArgumentDecorator object at 0x72a9903df7c0>, verb_extension=<colcon_core.verb.build.BuildVerb object at 0x72a990537f40>, main=<bound method BuildVerb.main of <colcon_core.verb.build.BuildVerb object at 0x72a990537f40>>, mixin_verb=('build',))
[0.181s] Level 1:colcon.colcon_core.package_discovery:discover_packages(colcon_meta) check parameters
[0.181s] Level 1:colcon.colcon_core.package_discovery:discover_packages(recursive) check parameters
[0.181s] Level 1:colcon.colcon_core.package_discovery:discover_packages(ignore) check parameters
[0.181s] Level 1:colcon.colcon_core.package_discovery:discover_packages(path) check parameters
[0.181s] Level 1:colcon.colcon_core.package_discovery:discover_packages(colcon_meta) discover
[0.181s] Level 1:colcon.colcon_core.package_discovery:discover_packages(recursive) discover
[0.181s] INFO:colcon.colcon_core.package_discovery:Crawling recursively for packages in '/home/kashif/SDR/temp3/my_gazebo_tutorials'
[0.181s] Level 1:colcon.colcon_core.package_identification:_identify(.) by extensions ['ignore', 'ignore_ament_install']
[0.181s] Level 1:colcon.colcon_core.package_identification:_identify(.) by extension 'ignore'
[0.182s] Level 1:colcon.colcon_core.package_identification:_identify(.) by extension 'ignore_ament_install'
[0.182s] Level 1:colcon.colcon_core.package_identification:_identify(.) by extensions ['colcon_pkg']
[0.182s] Level 1:colcon.colcon_core.package_identification:_identify(.) by extension 'colcon_pkg'
[0.182s] Level 1:colcon.colcon_core.package_identification:_identify(.) by extensions ['colcon_meta']
[0.182s] Level 1:colcon.colcon_core.package_identification:_identify(.) by extension 'colcon_meta'
[0.182s] Level 1:colcon.colcon_core.package_identification:_identify(.) by extensions ['ros']
[0.182s] Level 1:colcon.colcon_core.package_identification:_identify(.) by extension 'ros'
[0.189s] Level 1:colcon.colcon_core.package_identification:_identify(.) by extensions ['cmake', 'python']
[0.189s] Level 1:colcon.colcon_core.package_identification:_identify(.) by extension 'cmake'
[0.189s] Level 1:colcon.colcon_core.package_identification:_identify(.) by extension 'python'
[0.189s] Level 1:colcon.colcon_core.package_identification:_identify(.) by extensions ['python_setup_py']
[0.189s] Level 1:colcon.colcon_core.package_identification:_identify(.) by extension 'python_setup_py'
[0.189s] Level 1:colcon.colcon_core.package_identification:_identify(build) by extensions ['ignore', 'ignore_ament_install']
[0.189s] Level 1:colcon.colcon_core.package_identification:_identify(build) by extension 'ignore'
[0.189s] Level 1:colcon.colcon_core.package_identification:_identify(build) ignored
[0.189s] Level 1:colcon.colcon_core.package_identification:_identify(install) by extensions ['ignore', 'ignore_ament_install']
[0.189s] Level 1:colcon.colcon_core.package_identification:_identify(install) by extension 'ignore'
[0.189s] Level 1:colcon.colcon_core.package_identification:_identify(install) ignored
[0.189s] Level 1:colcon.colcon_core.package_identification:_identify(log) by extensions ['ignore', 'ignore_ament_install']
[0.189s] Level 1:colcon.colcon_core.package_identification:_identify(log) by extension 'ignore'
[0.189s] Level 1:colcon.colcon_core.package_identification:_identify(log) ignored
[0.189s] Level 1:colcon.colcon_core.package_identification:_identify(walker) by extensions ['ignore', 'ignore_ament_install']
[0.189s] Level 1:colcon.colcon_core.package_identification:_identify(walker) by extension 'ignore'
[0.189s] Level 1:colcon.colcon_core.package_identification:_identify(walker) by extension 'ignore_ament_install'
[0.189s] Level 1:colcon.colcon_core.package_identification:_identify(walker) by extensions ['colcon_pkg']
[0.189s] Level 1:colcon.colcon_core.package_identification:_identify(walker) by extension 'colcon_pkg'
[0.189s] Level 1:colcon.colcon_core.package_identification:_identify(walker) by extensions ['colcon_meta']
[0.189s] Level 1:colcon.colcon_core.package_identification:_identify(walker) by extension 'colcon_meta'
[0.189s] Level 1:colcon.colcon_core.package_identification:_identify(walker) by extensions ['ros']
[0.190s] Level 1:colcon.colcon_core.package_identification:_identify(walker) by extension 'ros'
[0.191s] DEBUG:colcon.colcon_core.package_identification:Package 'walker' with type 'ros.ament_cmake' and name 'walker'
[0.191s] Level 1:colcon.colcon_core.package_identification:_identify(walker_recording_2024_11_24-20_46_13) by extensions ['ignore', 'ignore_ament_install']
[0.191s] Level 1:colcon.colcon_core.package_identification:_identify(walker_recording_2024_11_24-20_46_13) by extension 'ignore'
[0.191s] Level 1:colcon.colcon_core.package_identification:_identify(walker_recording_2024_11_24-20_46_13) by extension 'ignore_ament_install'
[0.191s] Level 1:colcon.colcon_core.package_identification:_identify(walker_recording_2024_11_24-20_46_13) by extensions ['colcon_pkg']
[0.191s] Level 1:colcon.colcon_core.package_identification:_identify(walker_recording_2024_11_24-20_46_13) by extension 'colcon_pkg'
[0.191s] Level 1:colcon.colcon_core.package_identification:_identify(walker_recording_2024_11_24-20_46_13) by extensions ['colcon_meta']
[0.191s] Level 1:colcon.colcon_core.package_identification:_identify(walker_recording_2024_11_24-20_46_13) by extension 'colcon_meta'
[0.191s] Level 1:colcon.colcon_core.package_identification:_identify(walker_recording_2024_11_24-20_46_13) by extensions ['ros']
[0.192s] Level 1:colcon.colcon_core.package_identification:_identify(walker_recording_2024_11_24-20_46_13) by extension 'ros'
[0.192s] Level 1:colcon.colcon_core.package_identification:_identify(walker_recording_2024_11_24-20_46_13) by extensions ['cmake', 'python']
[0.192s] Level 1:colcon.colcon_core.package_identification:_identify(walker_recording_2024_11_24-20_46_13) by extension 'cmake'
[0.192s] Level 1:colcon.colcon_core.package_identification:_identify(walker_recording_2024_11_24-20_46_13) by extension 'python'
[0.192s] Level 1:colcon.colcon_core.package_identification:_identify(walker_recording_2024_11_24-20_46_13) by extensions ['python_setup_py']
[0.192s] Level 1:colcon.colcon_core.package_identification:_identify(walker_recording_2024_11_24-20_46_13) by extension 'python_setup_py'
[0.192s] Level 1:colcon.colcon_core.package_discovery:discover_packages(recursive) using defaults
[0.192s] Level 1:colcon.colcon_core.package_discovery:discover_packages(ignore) discover
[0.192s] Level 1:colcon.colcon_core.package_discovery:discover_packages(ignore) using defaults
[0.192s] Level 1:colcon.colcon_core.package_discovery:discover_packages(path) discover
[0.192s] Level 1:colcon.colcon_core.package_discovery:discover_packages(path) using defaults
[0.210s] Level 1:colcon.colcon_core.package_discovery:discover_packages(prefix_path) check parameters
[0.210s] Level 1:colcon.colcon_core.package_discovery:discover_packages(prefix_path) discover
[0.211s] WARNING:colcon.colcon_ros.prefix_path.ament:The path '/home/kashif/SDR/temp3/my_gazebo_tutorials/install/walker' in the environment variable AMENT_PREFIX_PATH doesn't exist
[0.211s] WARNING:colcon.colcon_ros.prefix_path.catkin:The path '/home/kashif/SDR/temp3/my_gazebo_tutorials/install/walker' in the environment variable CMAKE_PREFIX_PATH doesn't exist
[0.211s] DEBUG:colcon.colcon_installed_package_information.package_discovery:Found 0 installed packages in /home/kashif/SDR/temp3/my_gazebo_tutorials/install
[0.212s] DEBUG:colcon.colcon_installed_package_information.package_discovery:Found 403 installed packages in /opt/ros/humble
[0.213s] Level 1:colcon.colcon_core.package_discovery:discover_packages(prefix_path) using defaults
[0.242s] Level 5:colcon.colcon_core.verb:set package 'walker' build argument 'cmake_args' from command line to 'None'
[0.242s] Level 5:colcon.colcon_core.verb:set package 'walker' build argument 'cmake_target' from command line to 'None'
[0.242s] Level 5:colcon.colcon_core.verb:set package 'walker' build argument 'cmake_target_skip_unavailable' from command line to 'False'
[0.242s] Level 5:colcon.colcon_core.verb:set package 'walker' build argument 'cmake_clean_cache' from command line to 'False'
[0.242s] Level 5:colcon.colcon_core.verb:set package 'walker' build argument 'cmake_clean_first' from command line to 'False'
[0.242s] Level 5:colcon.colcon_core.verb:set package 'walker' build argument 'cmake_force_configure' from command line to 'False'
[0.242s] Level 5:colcon.colcon_core.verb:set package 'walker' build argument 'ament_cmake_args' from command line to 'None'
[0.242s] Level 5:colcon.colcon_core.verb:set package 'walker' build argument 'catkin_cmake_args' from command line to 'None'
[0.242s] Level 5:colcon.colcon_core.verb:set package 'walker' build argument 'catkin_skip_building_tests' from command line to 'False'
[0.242s] DEBUG:colcon.colcon_core.verb:Building package 'walker' with the following arguments: {'ament_cmake_args': None, 'build_base': '/home/kashif/SDR/temp3/my_gazebo_tutorials/build/walker', 'catkin_cmake_args': None, 'catkin_skip_building_tests': False, 'cmake_args': None, 'cmake_clean_cache': False, 'cmake_clean_first': False, 'cmake_force_configure': False, 'cmake_target': None, 'cmake_target_skip_unavailable': False, 'install_base': '/home/kashif/SDR/temp3/my_gazebo_tutorials/install/walker', 'merge_install': False, 'path': '/home/kashif/SDR/temp3/my_gazebo_tutorials/walker', 'symlink_install': False, 'test_result_base': None}
[0.242s] INFO:colcon.colcon_core.executor:Executing jobs using 'parallel' executor
[0.243s] DEBUG:colcon.colcon_parallel_executor.executor.parallel:run_until_complete
[0.243s] INFO:colcon.colcon_ros.task.ament_cmake.build:Building ROS package in '/home/kashif/SDR/temp3/my_gazebo_tutorials/walker' with build type 'ament_cmake'
[0.243s] INFO:colcon.colcon_cmake.task.cmake.build:Building CMake package in '/home/kashif/SDR/temp3/my_gazebo_tutorials/walker'
[0.244s] INFO:colcon.colcon_core.plugin_system:Skipping extension 'colcon_core.shell.bat': Not used on non-Windows systems
[0.244s] INFO:colcon.colcon_core.shell:Skip shell extension 'powershell' for command environment: Not usable outside of PowerShell
[0.245s] DEBUG:colcon.colcon_core.shell:Skip shell extension 'dsv' for command environment
[0.250s] DEBUG:colcon.colcon_core.event_handler.log_command:Invoking command in '/home/kashif/SDR/temp3/my_gazebo_tutorials/build/walker': CMAKE_PREFIX_PATH=${CMAKE_PREFIX_PATH}:/opt/ros/humble /usr/bin/cmake /home/kashif/SDR/temp3/my_gazebo_tutorials/walker -DCMAKE_INSTALL_PREFIX=/home/kashif/SDR/temp3/my_gazebo_tutorials/install/walker
[1.274s] DEBUG:colcon.colcon_core.event_handler.log_command:Invoked command in '/home/kashif/SDR/temp3/my_gazebo_tutorials/build/walker' returned '0': CMAKE_PREFIX_PATH=${CMAKE_PREFIX_PATH}:/opt/ros/humble /usr/bin/cmake /home/kashif/SDR/temp3/my_gazebo_tutorials/walker -DCMAKE_INSTALL_PREFIX=/home/kashif/SDR/temp3/my_gazebo_tutorials/install/walker
[1.276s] DEBUG:colcon.colcon_core.event_handler.log_command:Invoking command in '/home/kashif/SDR/temp3/my_gazebo_tutorials/build/walker': CMAKE_PREFIX_PATH=${CMAKE_PREFIX_PATH}:/opt/ros/humble /usr/bin/cmake --build /home/kashif/SDR/temp3/my_gazebo_tutorials/build/walker -- -j20 -l20
[3.127s] DEBUG:colcon.colcon_core.event_handler.log_command:Invoked command in '/home/kashif/SDR/temp3/my_gazebo_tutorials/build/walker' returned '2': CMAKE_PREFIX_PATH=${CMAKE_PREFIX_PATH}:/opt/ros/humble /usr/bin/cmake --build /home/kashif/SDR/temp3/my_gazebo_tutorials/build/walker -- -j20 -l20
[3.158s] Level 1:colcon.colcon_core.environment:create_environment_scripts_only(walker)
[3.161s] Level 1:colcon.colcon_core.environment:checking '/home/kashif/SDR/temp3/my_gazebo_tutorials/install/walker' for CMake module files
[3.161s] Level 1:colcon.colcon_core.environment:checking '/home/kashif/SDR/temp3/my_gazebo_tutorials/install/walker' for CMake config files
[3.162s] Level 1:colcon.colcon_core.environment:checking '/home/kashif/SDR/temp3/my_gazebo_tutorials/install/walker/bin'
[3.162s] Level 1:colcon.colcon_core.environment:checking '/home/kashif/SDR/temp3/my_gazebo_tutorials/install/walker/lib/pkgconfig/walker.pc'
[3.162s] Level 1:colcon.colcon_core.environment:checking '/home/kashif/SDR/temp3/my_gazebo_tutorials/install/walker/lib/python3.10/site-packages'
[3.162s] Level 1:colcon.colcon_core.environment:checking '/home/kashif/SDR/temp3/my_gazebo_tutorials/install/walker/bin'
[3.162s] INFO:colcon.colcon_core.shell:Creating package script '/home/kashif/SDR/temp3/my_gazebo_tutorials/install/walker/share/walker/package.ps1'
[3.163s] INFO:colcon.colcon_core.shell:Creating package descriptor '/home/kashif/SDR/temp3/my_gazebo_tutorials/install/walker/share/walker/package.dsv'
[3.164s] INFO:colcon.colcon_core.shell:Creating package script '/home/kashif/SDR/temp3/my_gazebo_tutorials/install/walker/share/walker/package.sh'
[3.165s] INFO:colcon.colcon_core.shell:Creating package script '/home/kashif/SDR/temp3/my_gazebo_tutorials/install/walker/share/walker/package.bash'
[3.166s] INFO:colcon.colcon_core.shell:Creating package script '/home/kashif/SDR/temp3/my_gazebo_tutorials/install/walker/share/walker/package.zsh'
[3.166s] Level 1:colcon.colcon_core.environment:create_file_with_runtime_dependencies(/home/kashif/SDR/temp3/my_gazebo_tutorials/install/walker/share/colcon-core/packages/walker)
[3.177s] DEBUG:colcon.colcon_parallel_executor.executor.parallel:closing loop
[3.177s] DEBUG:colcon.colcon_parallel_executor.executor.parallel:loop closed
[3.177s] DEBUG:colcon.colcon_parallel_executor.executor.parallel:run_until_complete finished with '2'
[3.177s] DEBUG:colcon.colcon_core.event_reactor:joining thread
[3.185s] INFO:colcon.colcon_core.plugin_system:Skipping extension 'colcon_notification.desktop_notification.terminal_notifier': Not used on non-Darwin systems
[3.185s] INFO:colcon.colcon_core.plugin_system:Skipping extension 'colcon_notification.desktop_notification.win32': Not used on non-Windows systems
[3.185s] INFO:colcon.colcon_notification.desktop_notification:Sending desktop notification using 'notify2'
[3.201s] DEBUG:colcon.colcon_core.event_reactor:joined thread
[3.202s] INFO:colcon.colcon_core.shell:Creating prefix script '/home/kashif/SDR/temp3/my_gazebo_tutorials/install/local_setup.ps1'
[3.203s] INFO:colcon.colcon_core.shell:Creating prefix util module '/home/kashif/SDR/temp3/my_gazebo_tutorials/install/_local_setup_util_ps1.py'
[3.204s] INFO:colcon.colcon_core.shell:Creating prefix chain script '/home/kashif/SDR/temp3/my_gazebo_tutorials/install/setup.ps1'
[3.205s] INFO:colcon.colcon_core.shell:Creating prefix script '/home/kashif/SDR/temp3/my_gazebo_tutorials/install/local_setup.sh'
[3.206s] INFO:colcon.colcon_core.shell:Creating prefix util module '/home/kashif/SDR/temp3/my_gazebo_tutorials/install/_local_setup_util_sh.py'
[3.206s] INFO:colcon.colcon_core.shell:Creating prefix chain script '/home/kashif/SDR/temp3/my_gazebo_tutorials/install/setup.sh'
[3.207s] INFO:colcon.colcon_core.shell:Creating prefix script '/home/kashif/SDR/temp3/my_gazebo_tutorials/install/local_setup.bash'
[3.208s] INFO:colcon.colcon_core.shell:Creating prefix chain script '/home/kashif/SDR/temp3/my_gazebo_tutorials/install/setup.bash'
[3.208s] INFO:colcon.colcon_core.shell:Creating prefix script '/home/kashif/SDR/temp3/my_gazebo_tutorials/install/local_setup.zsh'
[3.209s] INFO:colcon.colcon_core.shell:Creating prefix chain script '/home/kashif/SDR/temp3/my_gazebo_tutorials/install/setup.zsh'
