[0.008s] Invoking command in '/home/kashif/SDR/temp3/my_gazebo_tutorials/build/walker': CMAKE_PREFIX_PATH=${CMAKE_PREFIX_PATH}:/opt/ros/humble /usr/bin/cmake --build /home/kashif/SDR/temp3/my_gazebo_tutorials/build/walker -- -j20 -l20
[0.044s] [35m[1mConsolidate compiler generated dependencies of target robot_control[0m
[0.069s] [ 33%] [32mBuilding CXX object CMakeFiles/robot_control.dir/src/main.cpp.o[0m
[0.069s] [ 66%] [32mBuilding CXX object CMakeFiles/robot_control.dir/src/walker_node.cpp.o[0m
[5.776s] [100%] [32m[1mLinking CXX executable robot_control[0m
[6.045s] [100%] Built target robot_control
[6.060s] Invoked command in '/home/kashif/SDR/temp3/my_gazebo_tutorials/build/walker' returned '0': CMAKE_PREFIX_PATH=${CMAKE_PREFIX_PATH}:/opt/ros/humble /usr/bin/cmake --build /home/kashif/SDR/temp3/my_gazebo_tutorials/build/walker -- -j20 -l20
[6.112s] Invoking command in '/home/kashif/SDR/temp3/my_gazebo_tutorials/build/walker': CMAKE_PREFIX_PATH=${CMAKE_PREFIX_PATH}:/opt/ros/humble /usr/bin/cmake --install /home/kashif/SDR/temp3/my_gazebo_tutorials/build/walker
[6.123s] -- Install configuration: ""
[6.123s] -- Installing: /home/kashif/SDR/temp3/my_gazebo_tutorials/install/walker/lib/walker/robot_control
[6.127s] -- Set runtime path of "/home/kashif/SDR/temp3/my_gazebo_tutorials/install/walker/lib/walker/robot_control" to ""
[6.127s] -- Installing: /home/kashif/SDR/temp3/my_gazebo_tutorials/install/walker/include/
[6.127s] -- Installing: /home/kashif/SDR/temp3/my_gazebo_tutorials/install/walker/include//walker
[6.127s] -- Installing: /home/kashif/SDR/temp3/my_gazebo_tutorials/install/walker/include//walker/walker_node.hpp
[6.127s] -- Installing: /home/kashif/SDR/temp3/my_gazebo_tutorials/install/walker/share/walker/launch
[6.127s] -- Installing: /home/kashif/SDR/temp3/my_gazebo_tutorials/install/walker/share/walker/launch/walker_launch.py
[6.127s] -- Installing: /home/kashif/SDR/temp3/my_gazebo_tutorials/install/walker/share/ament_index/resource_index/package_run_dependencies/walker
[6.127s] -- Installing: /home/kashif/SDR/temp3/my_gazebo_tutorials/install/walker/share/ament_index/resource_index/parent_prefix_path/walker
[6.128s] -- Installing: /home/kashif/SDR/temp3/my_gazebo_tutorials/install/walker/share/walker/environment/ament_prefix_path.sh
[6.128s] -- Installing: /home/kashif/SDR/temp3/my_gazebo_tutorials/install/walker/share/walker/environment/ament_prefix_path.dsv
[6.128s] -- Installing: /home/kashif/SDR/temp3/my_gazebo_tutorials/install/walker/share/walker/environment/path.sh
[6.128s] -- Installing: /home/kashif/SDR/temp3/my_gazebo_tutorials/install/walker/share/walker/environment/path.dsv
[6.128s] -- Installing: /home/kashif/SDR/temp3/my_gazebo_tutorials/install/walker/share/walker/local_setup.bash
[6.128s] -- Installing: /home/kashif/SDR/temp3/my_gazebo_tutorials/install/walker/share/walker/local_setup.sh
[6.128s] -- Installing: /home/kashif/SDR/temp3/my_gazebo_tutorials/install/walker/share/walker/local_setup.zsh
[6.128s] -- Installing: /home/kashif/SDR/temp3/my_gazebo_tutorials/install/walker/share/walker/local_setup.dsv
[6.128s] -- Installing: /home/kashif/SDR/temp3/my_gazebo_tutorials/install/walker/share/walker/package.dsv
[6.128s] -- Installing: /home/kashif/SDR/temp3/my_gazebo_tutorials/install/walker/share/ament_index/resource_index/packages/walker
[6.129s] -- Installing: /home/kashif/SDR/temp3/my_gazebo_tutorials/install/walker/share/walker/cmake/walkerConfig.cmake
[6.129s] -- Installing: /home/kashif/SDR/temp3/my_gazebo_tutorials/install/walker/share/walker/cmake/walkerConfig-version.cmake
[6.129s] -- Installing: /home/kashif/SDR/temp3/my_gazebo_tutorials/install/walker/share/walker/package.xml
[6.131s] Invoked command in '/home/kashif/SDR/temp3/my_gazebo_tutorials/build/walker' returned '0': CMAKE_PREFIX_PATH=${CMAKE_PREFIX_PATH}:/opt/ros/humble /usr/bin/cmake --install /home/kashif/SDR/temp3/my_gazebo_tutorials/build/walker
